{"name": "Add New User Successfully", "status": "failed", "statusDetails": {"message": "JavascriptException: Message: javascript error: Cannot read properties of undefined (reading 'scrollIntoView')\n  (Session info: chrome=136.0.7103.114)\nStacktrace:\n\tGetHandleVerifier [0x00007FF6F3B7CF45+75717]\n\tGetHandleVerifier [0x00007FF6F3B7CFA0+75808]\n\t(No symbol) [0x00007FF6F3948F9A]\n\t(No symbol) [0x00007FF6F3950998]\n\t(No symbol) [0x00007FF6F3953D51]\n\t(No symbol) [0x00007FF6F39F05F8]\n\t(No symbol) [0x00007FF6F39C737A]\n\t(No symbol) [0x00007FF6F39EF39C]\n\t(No symbol) [0x00007FF6F39C7153]\n\t(No symbol) [0x00007FF6F3990421]\n\t(No symbol) [0x00007FF6F39911B3]\n\tGetHandleVerifier [0x00007FF6F3E7D71D+3223453]\n\tGetHandleVerifier [0x00007FF6F3E77CC2+3200322]\n\tGetHandleVerifier [0x00007FF6F3E95AF3+3322739]\n\tGetHandleVerifier [0x00007FF6F3B96A1A+180890]\n\tGetHandleVerifier [0x00007FF6F3B9E11F+211359]\n\tGetHandleVerifier [0x00007FF6F3B85294+109332]\n\tGetHandleVerifier [0x00007FF6F3B85442+109762]\n\tGetHandleVerifier [0x00007FF6F3B6BA59+4825]\n\tBaseThreadInitThunk [0x00007FFFE87D259D+29]\n\tRtlUserThreadStart [0x00007FFFEA8EAF38+40]\n"}, "steps": [{"name": "AddUser.Navigate To Add User Page", "status": "passed", "statusDetails": {}, "steps": [{"name": "SeleniumLibrary.Click Link", "status": "passed", "statusDetails": {}, "attachments": [{"name": "Keyword Log", "source": "1265571a-bd29-42cc-9c06-9f452cf701b2-attachment.html", "type": "text/html"}], "parameters": [{"name": "arg1", "value": "${USERS_LINK}"}], "start": 1748934400919, "stop": 1748934401295}, {"name": "SeleniumLibrary.Wait Until Element Is Visible", "status": "passed", "statusDetails": {}, "parameters": [{"name": "arg1", "value": "${ADD_USER_LINK}"}, {"name": "arg2", "value": "timeout=10s"}], "start": 1748934401296, "stop": 1748934401358}, {"name": "SeleniumLibrary.Click Element", "status": "passed", "statusDetails": {}, "attachments": [{"name": "Keyword Log", "source": "e5642219-ce92-4282-aae4-373f048832e1-attachment.html", "type": "text/html"}], "parameters": [{"name": "arg1", "value": "${ADD_USER_LINK}"}], "start": 1748934401358, "stop": 1748934401711}], "start": 1748934400918, "stop": 1748934401712}, {"name": "AddUser.Fill Add User Form", "status": "passed", "statusDetails": {}, "steps": [{"name": "SeleniumLibrary.Input Text", "status": "passed", "statusDetails": {}, "attachments": [{"name": "Keyword Log", "source": "a4ab5e5f-4c88-4046-8e15-3d12630a65a7-attachment.html", "type": "text/html"}], "parameters": [{"name": "arg1", "value": "${NEW_USERNAME_ID}"}, {"name": "arg2", "value": "${new_user}"}], "start": 1748934401715, "stop": 1748934401911}, {"name": "SeleniumLibrary.Input Text", "status": "passed", "statusDetails": {}, "attachments": [{"name": "Keyword Log", "source": "3b819a10-b03a-4ab5-8d63-ddba480e6212-attachment.html", "type": "text/html"}], "parameters": [{"name": "arg1", "value": "${PASSWORD2_ID}"}, {"name": "arg2", "value": "${new_pass}"}], "start": 1748934401912, "stop": 1748934402142}, {"name": "SeleniumLibrary.Input Text", "status": "passed", "statusDetails": {}, "attachments": [{"name": "Keyword Log", "source": "013512d1-1d39-4b9f-9128-a5832de8a9ee-attachment.html", "type": "text/html"}], "parameters": [{"name": "arg1", "value": "${CONFIRM_PWD_ID}"}, {"name": "arg2", "value": "${new_pass}"}], "start": 1748934402142, "stop": 1748934402363}, {"name": "SeleniumLibrary.Click Element", "status": "passed", "statusDetails": {}, "attachments": [{"name": "Keyword Log", "source": "89dc55a1-5e53-493e-96df-16498752331c-attachment.html", "type": "text/html"}], "parameters": [{"name": "arg1", "value": "${ADD_CHANNELS_XPATH}"}], "start": 1748934402363, "stop": 1748934402544}], "parameters": [{"name": "arg1", "value": "newuser2"}, {"name": "arg2", "value": "newpassword2"}], "start": 1748934401714, "stop": 1748934402544}, {"name": "AddUser.Save New User", "status": "failed", "statusDetails": {"message": "JavascriptException: Message: javascript error: Cannot read properties of undefined (reading 'scrollIntoView')\n  (Session info: chrome=136.0.7103.114)\nStacktrace:\n\tGetHandleVerifier [0x00007FF6F3B7CF45+75717]\n\tGetHandleVerifier [0x00007FF6F3B7CFA0+75808]\n\t(No symbol) [0x00007FF6F3948F9A]\n\t(No symbol) [0x00007FF6F3950998]\n\t(No symbol) [0x00007FF6F3953D51]\n\t(No symbol) [0x00007FF6F39F05F8]\n\t(No symbol) [0x00007FF6F39C737A]\n\t(No symbol) [0x00007FF6F39EF39C]\n\t(No symbol) [0x00007FF6F39C7153]\n\t(No symbol) [0x00007FF6F3990421]\n\t(No symbol) [0x00007FF6F39911B3]\n\tGetHandleVerifier [0x00007FF6F3E7D71D+3223453]\n\tGetHandleVerifier [0x00007FF6F3E77CC2+3200322]\n\tGetHandleVerifier [0x00007FF6F3E95AF3+3322739]\n\tGetHandleVerifier [0x00007FF6F3B96A1A+180890]\n\tGetHandleVerifier [0x00007FF6F3B9E11F+211359]\n\tGetHandleVerifier [0x00007FF6F3B85294+109332]\n\tGetHandleVerifier [0x00007FF6F3B85442+109762]\n\tGetHandleVerifier [0x00007FF6F3B6BA59+4825]\n\tBaseThreadInitThunk [0x00007FFFE87D259D+29]\n\tRtlUserThreadStart [0x00007FFFEA8EAF38+40]\n"}, "steps": [{"name": "AddUser.Scroll Element Into View", "status": "failed", "statusDetails": {"message": "JavascriptException: Message: javascript error: Cannot read properties of undefined (reading 'scrollIntoView')\n  (Session info: chrome=136.0.7103.114)\nStacktrace:\n\tGetHandleVerifier [0x00007FF6F3B7CF45+75717]\n\tGetHandleVerifier [0x00007FF6F3B7CFA0+75808]\n\t(No symbol) [0x00007FF6F3948F9A]\n\t(No symbol) [0x00007FF6F3950998]\n\t(No symbol) [0x00007FF6F3953D51]\n\t(No symbol) [0x00007FF6F39F05F8]\n\t(No symbol) [0x00007FF6F39C737A]\n\t(No symbol) [0x00007FF6F39EF39C]\n\t(No symbol) [0x00007FF6F39C7153]\n\t(No symbol) [0x00007FF6F3990421]\n\t(No symbol) [0x00007FF6F39911B3]\n\tGetHandleVerifier [0x00007FF6F3E7D71D+3223453]\n\tGetHandleVerifier [0x00007FF6F3E77CC2+3200322]\n\tGetHandleVerifier [0x00007FF6F3E95AF3+3322739]\n\tGetHandleVerifier [0x00007FF6F3B96A1A+180890]\n\tGetHandleVerifier [0x00007FF6F3B9E11F+211359]\n\tGetHandleVerifier [0x00007FF6F3B85294+109332]\n\tGetHandleVerifier [0x00007FF6F3B85442+109762]\n\tGetHandleVerifier [0x00007FF6F3B6BA59+4825]\n\tBaseThreadInitThunk [0x00007FFFE87D259D+29]\n\tRtlUserThreadStart [0x00007FFFEA8EAF38+40]\n"}, "steps": [{"name": "SeleniumLibrary.Execute Javascript", "status": "failed", "statusDetails": {"message": "JavascriptException: Message: javascript error: Cannot read properties of undefined (reading 'scrollIntoView')\n  (Session info: chrome=136.0.7103.114)\nStacktrace:\n\tGetHandleVerifier [0x00007FF6F3B7CF45+75717]\n\tGetHandleVerifier [0x00007FF6F3B7CFA0+75808]\n\t(No symbol) [0x00007FF6F3948F9A]\n\t(No symbol) [0x00007FF6F3950998]\n\t(No symbol) [0x00007FF6F3953D51]\n\t(No symbol) [0x00007FF6F39F05F8]\n\t(No symbol) [0x00007FF6F39C737A]\n\t(No symbol) [0x00007FF6F39EF39C]\n\t(No symbol) [0x00007FF6F39C7153]\n\t(No symbol) [0x00007FF6F3990421]\n\t(No symbol) [0x00007FF6F39911B3]\n\tGetHandleVerifier [0x00007FF6F3E7D71D+3223453]\n\tGetHandleVerifier [0x00007FF6F3E77CC2+3200322]\n\tGetHandleVerifier [0x00007FF6F3E95AF3+3322739]\n\tGetHandleVerifier [0x00007FF6F3B96A1A+180890]\n\tGetHandleVerifier [0x00007FF6F3B9E11F+211359]\n\tGetHandleVerifier [0x00007FF6F3B85294+109332]\n\tGetHandleVerifier [0x00007FF6F3B85442+109762]\n\tGetHandleVerifier [0x00007FF6F3B6BA59+4825]\n\tBaseThreadInitThunk [0x00007FFFE87D259D+29]\n\tRtlUserThreadStart [0x00007FFFEA8EAF38+40]\n"}, "attachments": [{"name": "Keyword Log", "source": "d47937ac-3bce-4b24-9ac2-aa0b0481e9f9-attachment.html", "type": "text/html"}], "parameters": [{"name": "arg1", "value": "arguments[0].scrollIntoView(true);"}, {"name": "arg2", "value": "${element_locator}"}], "start": 1748934402549, "stop": 1748934402828}], "parameters": [{"name": "arg1", "value": "${SAVE_BUTTON_ID}"}], "start": 1748934402547, "stop": 1748934402829}, {"name": "SeleniumLibrary.Click Button", "status": "skipped", "statusDetails": {"message": "JavascriptException: Message: javascript error: Cannot read properties of undefined (reading 'scrollIntoView')\n  (Session info: chrome=136.0.7103.114)\nStacktrace:\n\tGetHandleVerifier [0x00007FF6F3B7CF45+75717]\n\tGetHandleVerifier [0x00007FF6F3B7CFA0+75808]\n\t(No symbol) [0x00007FF6F3948F9A]\n\t(No symbol) [0x00007FF6F3950998]\n\t(No symbol) [0x00007FF6F3953D51]\n\t(No symbol) [0x00007FF6F39F05F8]\n\t(No symbol) [0x00007FF6F39C737A]\n\t(No symbol) [0x00007FF6F39EF39C]\n\t(No symbol) [0x00007FF6F39C7153]\n\t(No symbol) [0x00007FF6F3990421]\n\t(No symbol) [0x00007FF6F39911B3]\n\tGetHandleVerifier [0x00007FF6F3E7D71D+3223453]\n\tGetHandleVerifier [0x00007FF6F3E77CC2+3200322]\n\tGetHandleVerifier [0x00007FF6F3E95AF3+3322739]\n\tGetHandleVerifier [0x00007FF6F3B96A1A+180890]\n\tGetHandleVerifier [0x00007FF6F3B9E11F+211359]\n\tGetHandleVerifier [0x00007FF6F3B85294+109332]\n\tGetHandleVerifier [0x00007FF6F3B85442+109762]\n\tGetHandleVerifier [0x00007FF6F3B6BA59+4825]\n\tBaseThreadInitThunk [0x00007FFFE87D259D+29]\n\tRtlUserThreadStart [0x00007FFFEA8EAF38+40]\n"}, "parameters": [{"name": "arg1", "value": "${SAVE_BUTTON_ID}"}], "start": 1748934402830, "stop": 1748934402830}, {"name": "SeleniumLibrary.Wait Until Page Contains", "status": "skipped", "statusDetails": {"message": "JavascriptException: Message: javascript error: Cannot read properties of undefined (reading 'scrollIntoView')\n  (Session info: chrome=136.0.7103.114)\nStacktrace:\n\tGetHandleVerifier [0x00007FF6F3B7CF45+75717]\n\tGetHandleVerifier [0x00007FF6F3B7CFA0+75808]\n\t(No symbol) [0x00007FF6F3948F9A]\n\t(No symbol) [0x00007FF6F3950998]\n\t(No symbol) [0x00007FF6F3953D51]\n\t(No symbol) [0x00007FF6F39F05F8]\n\t(No symbol) [0x00007FF6F39C737A]\n\t(No symbol) [0x00007FF6F39EF39C]\n\t(No symbol) [0x00007FF6F39C7153]\n\t(No symbol) [0x00007FF6F3990421]\n\t(No symbol) [0x00007FF6F39911B3]\n\tGetHandleVerifier [0x00007FF6F3E7D71D+3223453]\n\tGetHandleVerifier [0x00007FF6F3E77CC2+3200322]\n\tGetHandleVerifier [0x00007FF6F3E95AF3+3322739]\n\tGetHandleVerifier [0x00007FF6F3B96A1A+180890]\n\tGetHandleVerifier [0x00007FF6F3B9E11F+211359]\n\tGetHandleVerifier [0x00007FF6F3B85294+109332]\n\tGetHandleVerifier [0x00007FF6F3B85442+109762]\n\tGetHandleVerifier [0x00007FF6F3B6BA59+4825]\n\tBaseThreadInitThunk [0x00007FFFE87D259D+29]\n\tRtlUserThreadStart [0x00007FFFEA8EAF38+40]\n"}, "parameters": [{"name": "arg1", "value": "User added successfully"}, {"name": "arg2", "value": "timeout=10s"}], "start": 1748934402830, "stop": 1748934402831}, {"name": "SeleniumLibrary.Capture Page Screenshot", "status": "skipped", "statusDetails": {"message": "JavascriptException: Message: javascript error: Cannot read properties of undefined (reading 'scrollIntoView')\n  (Session info: chrome=136.0.7103.114)\nStacktrace:\n\tGetHandleVerifier [0x00007FF6F3B7CF45+75717]\n\tGetHandleVerifier [0x00007FF6F3B7CFA0+75808]\n\t(No symbol) [0x00007FF6F3948F9A]\n\t(No symbol) [0x00007FF6F3950998]\n\t(No symbol) [0x00007FF6F3953D51]\n\t(No symbol) [0x00007FF6F39F05F8]\n\t(No symbol) [0x00007FF6F39C737A]\n\t(No symbol) [0x00007FF6F39EF39C]\n\t(No symbol) [0x00007FF6F39C7153]\n\t(No symbol) [0x00007FF6F3990421]\n\t(No symbol) [0x00007FF6F39911B3]\n\tGetHandleVerifier [0x00007FF6F3E7D71D+3223453]\n\tGetHandleVerifier [0x00007FF6F3E77CC2+3200322]\n\tGetHandleVerifier [0x00007FF6F3E95AF3+3322739]\n\tGetHandleVerifier [0x00007FF6F3B96A1A+180890]\n\tGetHandleVerifier [0x00007FF6F3B9E11F+211359]\n\tGetHandleVerifier [0x00007FF6F3B85294+109332]\n\tGetHandleVerifier [0x00007FF6F3B85442+109762]\n\tGetHandleVerifier [0x00007FF6F3B6BA59+4825]\n\tBaseThreadInitThunk [0x00007FFFE87D259D+29]\n\tRtlUserThreadStart [0x00007FFFEA8EAF38+40]\n"}, "start": 1748934402831, "stop": 1748934402831}], "start": 1748934402545, "stop": 1748934402831}], "start": 1748934400917, "stop": 1748934402833, "uuid": "6c1ce6e8-0103-4fb5-a00d-4d7690cf8144", "historyId": "53090719e58ffe2c328fa5540e225439", "fullName": "Add User.Add New User Successfully", "labels": [{"name": "suite", "value": "Add User"}, {"name": "framework", "value": "robotframework"}, {"name": "language", "value": "cpython3"}, {"name": "host", "value": "PG04H0FZ"}, {"name": "thread", "value": "default-c33328fd-5f54-4384-adfc-a433b6fdb88a"}]}